# JRE version: OpenJDK Runtime Environment Microsoft-8902769 (17.0.10+7) (build 17.0.10+7-LTS)
# Java VM: OpenJDK 64-Bit Server VM Microsoft-8902769 (17.0.10+7-LTS, mixed mode, sharing, tiered, compressed oops, compressed class ptrs, g1 gc, windows-amd64)
GC Precious Log:
 CPUs: 8 total, 8 available
 Memory: 16082M
 Large Page Support: Disabled
 NUMA Support: Disabled
 Compressed Oops: Enabled (32-bit)
 Heap Region Size: 1M
 Heap Min Capacity: 8M
 Heap Initial Capacity: 252M
 Heap Max Capacity: 2G
 Pre-touch: Disabled
 Parallel Workers: 8
 Concurrent Workers: 2
 Concurrent Refinement Workers: 8
 Periodic GC: Disabled
Heap:
 garbage-first heap   total 258048K, used 151303K [0x0000000080000000, 0x0000000100000000)
  region size 1024K, 2 young (2048K), 2 survivors (2048K)
 Metaspace       used 92884K, committed 94144K, reserved 557056K
  class space    used 13101K, committed 13696K, reserved 425984K
GC Heap History (20 events):
Event: 17.028 GC heap after
{Heap after GC invocations=24 (full 0):
 garbage-first heap   total 215040K, used 71733K [0x0000000080000000, 0x0000000100000000)
  region size 1024K, 11 young (11264K), 11 survivors (11264K)
 Metaspace       used 66157K, committed 66944K, reserved 491520K
  class space    used 9436K, committed 9792K, reserved 425984K
}
Event: 17.035 GC heap before
{Heap before GC invocations=24 (full 0):
 garbage-first heap   total 215040K, used 72757K [0x0000000080000000, 0x0000000100000000)
  region size 1024K, 12 young (12288K), 11 survivors (11264K)
 Metaspace       used 66161K, committed 66944K, reserved 491520K
  class space    used 9436K, committed 9792K, reserved 425984K
}
Event: 17.040 GC heap after
{Heap after GC invocations=25 (full 0):
 garbage-first heap   total 215040K, used 72867K [0x0000000080000000, 0x0000000100000000)
  region size 1024K, 2 young (2048K), 2 survivors (2048K)
 Metaspace       used 66161K, committed 66944K, reserved 491520K
  class space    used 9436K, committed 9792K, reserved 425984K
}
Event: 17.859 GC heap before
{Heap before GC invocations=25 (full 0):
 garbage-first heap   total 215040K, used 184483K [0x0000000080000000, 0x0000000100000000)
  region size 1024K, 101 young (103424K), 2 survivors (2048K)
 Metaspace       used 72662K, committed 73472K, reserved 491520K
  class space    used 10183K, committed 10560K, reserved 425984K
}
Event: 17.864 GC heap after
{Heap after GC invocations=26 (full 0):
 garbage-first heap   total 215040K, used 91857K [0x0000000080000000, 0x0000000100000000)
  region size 1024K, 13 young (13312K), 13 survivors (13312K)
 Metaspace       used 72662K, committed 73472K, reserved 491520K
  class space    used 10183K, committed 10560K, reserved 425984K
}
Event: 18.419 GC heap before
{Heap before GC invocations=26 (full 0):
 garbage-first heap   total 215040K, used 170705K [0x0000000080000000, 0x0000000100000000)
  region size 1024K, 90 young (92160K), 13 survivors (13312K)
 Metaspace       used 78052K, committed 78848K, reserved 557056K
  class space    used 10905K, committed 11264K, reserved 425984K
}
Event: 18.424 GC heap after
{Heap after GC invocations=27 (full 0):
 garbage-first heap   total 215040K, used 91393K [0x0000000080000000, 0x0000000100000000)
  region size 1024K, 5 young (5120K), 5 survivors (5120K)
 Metaspace       used 78052K, committed 78848K, reserved 557056K
  class space    used 10905K, committed 11264K, reserved 425984K
}
Event: 29.840 GC heap before
{Heap before GC invocations=27 (full 0):
 garbage-first heap   total 215040K, used 172289K [0x0000000080000000, 0x0000000100000000)
  region size 1024K, 84 young (86016K), 5 survivors (5120K)
 Metaspace       used 80762K, committed 81536K, reserved 557056K
  class space    used 11279K, committed 11648K, reserved 425984K
}
Event: 29.845 GC heap after
{Heap after GC invocations=28 (full 0):
 garbage-first heap   total 215040K, used 96229K [0x0000000080000000, 0x0000000100000000)
  region size 1024K, 10 young (10240K), 10 survivors (10240K)
 Metaspace       used 80762K, committed 81536K, reserved 557056K
  class space    used 11279K, committed 11648K, reserved 425984K
}
Event: 30.432 GC heap before
{Heap before GC invocations=28 (full 0):
 garbage-first heap   total 215040K, used 175077K [0x0000000080000000, 0x0000000100000000)
  region size 1024K, 86 young (88064K), 10 survivors (10240K)
 Metaspace       used 85776K, committed 86656K, reserved 557056K
  class space    used 12143K, committed 12544K, reserved 425984K
}
Event: 30.439 GC heap after
{Heap after GC invocations=29 (full 0):
 garbage-first heap   total 215040K, used 99145K [0x0000000080000000, 0x0000000100000000)
  region size 1024K, 8 young (8192K), 8 survivors (8192K)
 Metaspace       used 85776K, committed 86656K, reserved 557056K
  class space    used 12143K, committed 12544K, reserved 425984K
}
Event: 31.047 GC heap before
{Heap before GC invocations=29 (full 0):
 garbage-first heap   total 215040K, used 176969K [0x0000000080000000, 0x0000000100000000)
  region size 1024K, 84 young (86016K), 8 survivors (8192K)
 Metaspace       used 89547K, committed 90560K, reserved 557056K
  class space    used 12738K, committed 13184K, reserved 425984K
}
Event: 31.057 GC heap after
{Heap after GC invocations=30 (full 0):
 garbage-first heap   total 215040K, used 107990K [0x0000000080000000, 0x0000000100000000)
  region size 1024K, 11 young (11264K), 11 survivors (11264K)
 Metaspace       used 89547K, committed 90560K, reserved 557056K
  class space    used 12738K, committed 13184K, reserved 425984K
}
Event: 31.690 GC heap before
{Heap before GC invocations=30 (full 0):
 garbage-first heap   total 215040K, used 179670K [0x0000000080000000, 0x0000000100000000)
  region size 1024K, 77 young (78848K), 11 survivors (11264K)
 Metaspace       used 91758K, committed 92864K, reserved 557056K
  class space    used 12969K, committed 13504K, reserved 425984K
}
Event: 31.701 GC heap after
{Heap after GC invocations=31 (full 0):
 garbage-first heap   total 215040K, used 131913K [0x0000000080000000, 0x0000000100000000)
  region size 1024K, 10 young (10240K), 10 survivors (10240K)
 Metaspace       used 91758K, committed 92864K, reserved 557056K
  class space    used 12969K, committed 13504K, reserved 425984K
}
Event: 32.123 GC heap before
{Heap before GC invocations=31 (full 0):
 garbage-first heap   total 215040K, used 171849K [0x0000000080000000, 0x0000000100000000)
  region size 1024K, 49 young (50176K), 10 survivors (10240K)
 Metaspace       used 92609K, committed 93824K, reserved 557056K
  class space    used 13066K, committed 13632K, reserved 425984K
}
Event: 32.131 GC heap after
{Heap after GC invocations=32 (full 0):
 garbage-first heap   total 215040K, used 143754K [0x0000000080000000, 0x0000000100000000)
  region size 1024K, 7 young (7168K), 7 survivors (7168K)
 Metaspace       used 92609K, committed 93824K, reserved 557056K
  class space    used 13066K, committed 13632K, reserved 425984K
}
Event: 32.455 GC heap before
{Heap before GC invocations=33 (full 0):
 garbage-first heap   total 250880K, used 171402K [0x0000000080000000, 0x0000000100000000)
  region size 1024K, 35 young (35840K), 7 survivors (7168K)
 Metaspace       used 92853K, committed 94144K, reserved 557056K
  class space    used 13099K, committed 13696K, reserved 425984K
}
Event: 32.463 GC heap after
{Heap after GC invocations=34 (full 0):
 garbage-first heap   total 250880K, used 150038K [0x0000000080000000, 0x0000000100000000)
  region size 1024K, 5 young (5120K), 5 survivors (5120K)
 Metaspace       used 92853K, committed 94144K, reserved 557056K
  class space    used 13099K, committed 13696K, reserved 425984K
}
Event: 32.492 GC heap before
{Heap before GC invocations=34 (full 0):
 garbage-first heap   total 250880K, used 157206K [0x0000000080000000, 0x0000000100000000)
  region size 1024K, 12 young (12288K), 5 survivors (5120K)
 Metaspace       used 92884K, committed 94144K, reserved 557056K
  class space    used 13101K, committed 13696K, reserved 425984K
}

