# JRE version: OpenJDK Runtime Environment Microsoft-8902769 (17.0.10+7) (build 17.0.10+7-LTS)
# Java VM: OpenJDK 64-Bit Server VM Microsoft-8902769 (17.0.10+7-LTS, mixed mode, sharing, tiered, compressed oops, compressed class ptrs, g1 gc, windows-amd64)
GC Precious Log:
 CPUs: 8 total, 8 available
 Memory: 16082M
 Large Page Support: Disabled
 NUMA Support: Disabled
 Compressed Oops: Enabled (32-bit)
 Heap Region Size: 1M
 Heap Min Capacity: 8M
 Heap Initial Capacity: 252M
 Heap Max Capacity: 2G
 Pre-touch: Disabled
 Parallel Workers: 8
 Concurrent Workers: 2
 Concurrent Refinement Workers: 8
 Periodic GC: Disabled
Heap:
 garbage-first heap   total 288768K, used 173227K [0x0000000080000000, 0x0000000100000000)
  region size 1024K, 9 young (9216K), 9 survivors (9216K)
 Metaspace       used 107555K, committed 108992K, reserved 557056K
  class space    used 15029K, committed 15680K, reserved 425984K
GC Heap History (20 events):
Event: 15.112 GC heap after
{Heap after GC invocations=21 (full 0):
 garbage-first heap   total 276480K, used 72315K [0x0000000080000000, 0x0000000100000000)
  region size 1024K, 5 young (5120K), 5 survivors (5120K)
 Metaspace       used 71451K, committed 72128K, reserved 491520K
  class space    used 9979K, committed 10304K, reserved 425984K
}
Event: 16.353 GC heap before
{Heap before GC invocations=22 (full 0):
 garbage-first heap   total 263168K, used 234107K [0x0000000080000000, 0x0000000100000000)
  region size 1024K, 153 young (156672K), 5 survivors (5120K)
 Metaspace       used 81341K, committed 82112K, reserved 557056K
  class space    used 11222K, committed 11584K, reserved 425984K
}
Event: 16.360 GC heap after
{Heap after GC invocations=23 (full 0):
 garbage-first heap   total 263168K, used 92268K [0x0000000080000000, 0x0000000100000000)
  region size 1024K, 20 young (20480K), 20 survivors (20480K)
 Metaspace       used 81341K, committed 82112K, reserved 557056K
  class space    used 11222K, committed 11584K, reserved 425984K
}
Event: 16.365 GC heap before
{Heap before GC invocations=23 (full 0):
 garbage-first heap   total 263168K, used 93292K [0x0000000080000000, 0x0000000100000000)
  region size 1024K, 21 young (21504K), 20 survivors (20480K)
 Metaspace       used 81369K, committed 82112K, reserved 557056K
  class space    used 11226K, committed 11584K, reserved 425984K
}
Event: 16.370 GC heap after
{Heap after GC invocations=24 (full 0):
 garbage-first heap   total 263168K, used 93481K [0x0000000080000000, 0x0000000100000000)
  region size 1024K, 2 young (2048K), 2 survivors (2048K)
 Metaspace       used 81369K, committed 82112K, reserved 557056K
  class space    used 11226K, committed 11584K, reserved 425984K
}
Event: 26.034 GC heap before
{Heap before GC invocations=24 (full 0):
 garbage-first heap   total 263168K, used 208169K [0x0000000080000000, 0x0000000100000000)
  region size 1024K, 114 young (116736K), 2 survivors (2048K)
 Metaspace       used 86637K, committed 87488K, reserved 557056K
  class space    used 11936K, committed 12352K, reserved 425984K
}
Event: 26.039 GC heap after
{Heap after GC invocations=25 (full 0):
 garbage-first heap   total 263168K, used 99170K [0x0000000080000000, 0x0000000100000000)
  region size 1024K, 8 young (8192K), 8 survivors (8192K)
 Metaspace       used 86637K, committed 87488K, reserved 557056K
  class space    used 11936K, committed 12352K, reserved 425984K
}
Event: 26.814 GC heap before
{Heap before GC invocations=25 (full 0):
 garbage-first heap   total 263168K, used 210786K [0x0000000080000000, 0x0000000100000000)
  region size 1024K, 116 young (118784K), 8 survivors (8192K)
 Metaspace       used 94089K, committed 94912K, reserved 557056K
  class space    used 13127K, committed 13504K, reserved 425984K
}
Event: 26.819 GC heap after
{Heap after GC invocations=26 (full 0):
 garbage-first heap   total 263168K, used 103046K [0x0000000080000000, 0x0000000100000000)
  region size 1024K, 12 young (12288K), 12 survivors (12288K)
 Metaspace       used 94089K, committed 94912K, reserved 557056K
  class space    used 13127K, committed 13504K, reserved 425984K
}
Event: 27.633 GC heap before
{Heap before GC invocations=26 (full 0):
 garbage-first heap   total 263168K, used 212614K [0x0000000080000000, 0x0000000100000000)
  region size 1024K, 119 young (121856K), 12 survivors (12288K)
 Metaspace       used 98903K, committed 100032K, reserved 557056K
  class space    used 13802K, committed 14272K, reserved 425984K
}
Event: 27.645 GC heap after
{Heap after GC invocations=27 (full 0):
 garbage-first heap   total 263168K, used 120709K [0x0000000080000000, 0x0000000100000000)
  region size 1024K, 15 young (15360K), 15 survivors (15360K)
 Metaspace       used 98903K, committed 100032K, reserved 557056K
  class space    used 13802K, committed 14272K, reserved 425984K
}
Event: 28.382 GC heap before
{Heap before GC invocations=27 (full 0):
 garbage-first heap   total 263168K, used 212869K [0x0000000080000000, 0x0000000100000000)
  region size 1024K, 102 young (104448K), 15 survivors (15360K)
 Metaspace       used 100522K, committed 101824K, reserved 557056K
  class space    used 14008K, committed 14592K, reserved 425984K
}
Event: 28.397 GC heap after
{Heap after GC invocations=28 (full 0):
 garbage-first heap   total 263168K, used 149758K [0x0000000080000000, 0x0000000100000000)
  region size 1024K, 13 young (13312K), 13 survivors (13312K)
 Metaspace       used 100522K, committed 101824K, reserved 557056K
  class space    used 14008K, committed 14592K, reserved 425984K
}
Event: 28.713 GC heap before
{Heap before GC invocations=28 (full 0):
 garbage-first heap   total 263168K, used 209150K [0x0000000080000000, 0x0000000100000000)
  region size 1024K, 69 young (70656K), 13 survivors (13312K)
 Metaspace       used 102506K, committed 103872K, reserved 557056K
  class space    used 14313K, committed 14912K, reserved 425984K
}
Event: 28.721 GC heap after
{Heap after GC invocations=29 (full 0):
 garbage-first heap   total 263168K, used 162816K [0x0000000080000000, 0x0000000100000000)
  region size 1024K, 9 young (9216K), 9 survivors (9216K)
 Metaspace       used 102506K, committed 103872K, reserved 557056K
  class space    used 14313K, committed 14912K, reserved 425984K
}
Event: 29.056 GC heap before
{Heap before GC invocations=30 (full 0):
 garbage-first heap   total 288768K, used 209920K [0x0000000080000000, 0x0000000100000000)
  region size 1024K, 55 young (56320K), 9 survivors (9216K)
 Metaspace       used 104909K, committed 106368K, reserved 557056K
  class space    used 14678K, committed 15296K, reserved 425984K
}
Event: 29.062 GC heap after
{Heap after GC invocations=31 (full 0):
 garbage-first heap   total 288768K, used 166436K [0x0000000080000000, 0x0000000100000000)
  region size 1024K, 3 young (3072K), 3 survivors (3072K)
 Metaspace       used 104909K, committed 106368K, reserved 557056K
  class space    used 14678K, committed 15296K, reserved 425984K
}
Event: 29.140 GC heap before
{Heap before GC invocations=31 (full 0):
 garbage-first heap   total 288768K, used 177700K [0x0000000080000000, 0x0000000100000000)
  region size 1024K, 14 young (14336K), 3 survivors (3072K)
 Metaspace       used 105478K, committed 106880K, reserved 557056K
  class space    used 14756K, committed 15360K, reserved 425984K
}
Event: 29.143 GC heap after
{Heap after GC invocations=32 (full 0):
 garbage-first heap   total 288768K, used 165764K [0x0000000080000000, 0x0000000100000000)
  region size 1024K, 1 young (1024K), 1 survivors (1024K)
 Metaspace       used 105478K, committed 106880K, reserved 557056K
  class space    used 14756K, committed 15360K, reserved 425984K
}
Event: 29.458 GC heap before
{Heap before GC invocations=32 (full 0):
 garbage-first heap   total 288768K, used 234372K [0x0000000080000000, 0x0000000100000000)
  region size 1024K, 68 young (69632K), 1 survivors (1024K)
 Metaspace       used 107555K, committed 108992K, reserved 557056K
  class space    used 15029K, committed 15680K, reserved 425984K
}

