# JRE version: OpenJDK Runtime Environment Microsoft-8902769 (17.0.10+7) (build 17.0.10+7-LTS)
# Java VM: OpenJDK 64-Bit Server VM Microsoft-8902769 (17.0.10+7-LTS, mixed mode, sharing, tiered, compressed oops, compressed class ptrs, g1 gc, windows-amd64)
GC Precious Log:
 CPUs: 8 total, 8 available
 Memory: 16082M
 Large Page Support: Disabled
 NUMA Support: Disabled
 Compressed Oops: Enabled (32-bit)
 Heap Region Size: 1M
 Heap Min Capacity: 8M
 Heap Initial Capacity: 252M
 Heap Max Capacity: 2G
 Pre-touch: Disabled
 Parallel Workers: 8
 Concurrent Workers: 2
 Concurrent Refinement Workers: 8
 Periodic GC: Disabled
Heap:
 garbage-first heap   total 150528K, used 89562K [0x0000000080000000, 0x0000000100000000)
  region size 1024K, 3 young (3072K), 3 survivors (3072K)
 Metaspace       used 71935K, committed 72704K, reserved 491520K
  class space    used 10062K, committed 10432K, reserved 425984K
GC Heap History (20 events):
Event: 14.779 GC heap after
{Heap after GC invocations=19 (full 0):
 garbage-first heap   total 102400K, used 58998K [0x0000000080000000, 0x0000000100000000)
  region size 1024K, 3 young (3072K), 3 survivors (3072K)
 Metaspace       used 56374K, committed 57088K, reserved 491520K
  class space    used 7985K, committed 8320K, reserved 425984K
}
Event: 14.959 GC heap before
{Heap before GC invocations=20 (full 0):
 garbage-first heap   total 107520K, used 83574K [0x0000000080000000, 0x0000000100000000)
  region size 1024K, 28 young (28672K), 3 survivors (3072K)
 Metaspace       used 58553K, committed 59264K, reserved 491520K
  class space    used 8245K, committed 8576K, reserved 425984K
}
Event: 14.961 GC heap after
{Heap after GC invocations=21 (full 0):
 garbage-first heap   total 107520K, used 60581K [0x0000000080000000, 0x0000000100000000)
  region size 1024K, 3 young (3072K), 3 survivors (3072K)
 Metaspace       used 58553K, committed 59264K, reserved 491520K
  class space    used 8245K, committed 8576K, reserved 425984K
}
Event: 15.155 GC heap before
{Heap before GC invocations=21 (full 0):
 garbage-first heap   total 107520K, used 89253K [0x0000000080000000, 0x0000000100000000)
  region size 1024K, 31 young (31744K), 3 survivors (3072K)
 Metaspace       used 60384K, committed 61120K, reserved 491520K
  class space    used 8531K, committed 8896K, reserved 425984K
}
Event: 15.158 GC heap after
{Heap after GC invocations=22 (full 0):
 garbage-first heap   total 129024K, used 62813K [0x0000000080000000, 0x0000000100000000)
  region size 1024K, 4 young (4096K), 4 survivors (4096K)
 Metaspace       used 60384K, committed 61120K, reserved 491520K
  class space    used 8531K, committed 8896K, reserved 425984K
}
Event: 15.585 GC heap before
{Heap before GC invocations=23 (full 0):
 garbage-first heap   total 129024K, used 104797K [0x0000000080000000, 0x0000000100000000)
  region size 1024K, 45 young (46080K), 4 survivors (4096K)
 Metaspace       used 63127K, committed 63808K, reserved 491520K
  class space    used 8949K, committed 9280K, reserved 425984K
}
Event: 15.589 GC heap after
{Heap after GC invocations=24 (full 0):
 garbage-first heap   total 129024K, used 66197K [0x0000000080000000, 0x0000000100000000)
  region size 1024K, 6 young (6144K), 6 survivors (6144K)
 Metaspace       used 63127K, committed 63808K, reserved 491520K
  class space    used 8949K, committed 9280K, reserved 425984K
}
Event: 16.051 GC heap before
{Heap before GC invocations=24 (full 0):
 garbage-first heap   total 129024K, used 104085K [0x0000000080000000, 0x0000000100000000)
  region size 1024K, 44 young (45056K), 6 survivors (6144K)
 Metaspace       used 65743K, committed 66432K, reserved 491520K
  class space    used 9348K, committed 9664K, reserved 425984K
}
Event: 16.056 GC heap after
{Heap after GC invocations=25 (full 0):
 garbage-first heap   total 129024K, used 70155K [0x0000000080000000, 0x0000000100000000)
  region size 1024K, 5 young (5120K), 5 survivors (5120K)
 Metaspace       used 65743K, committed 66432K, reserved 491520K
  class space    used 9348K, committed 9664K, reserved 425984K
}
Event: 16.345 GC heap before
{Heap before GC invocations=26 (full 0):
 garbage-first heap   total 129024K, used 109067K [0x0000000080000000, 0x0000000100000000)
  region size 1024K, 39 young (39936K), 5 survivors (5120K)
 Metaspace       used 67180K, committed 67904K, reserved 491520K
  class space    used 9528K, committed 9856K, reserved 425984K
}
Event: 16.348 GC heap after
{Heap after GC invocations=27 (full 0):
 garbage-first heap   total 129024K, used 81432K [0x0000000080000000, 0x0000000100000000)
  region size 1024K, 5 young (5120K), 5 survivors (5120K)
 Metaspace       used 67180K, committed 67904K, reserved 491520K
  class space    used 9528K, committed 9856K, reserved 425984K
}
Event: 16.354 GC heap before
{Heap before GC invocations=27 (full 0):
 garbage-first heap   total 129024K, used 81432K [0x0000000080000000, 0x0000000100000000)
  region size 1024K, 6 young (6144K), 5 survivors (5120K)
 Metaspace       used 67249K, committed 67968K, reserved 491520K
  class space    used 9535K, committed 9856K, reserved 425984K
}
Event: 16.356 GC heap after
{Heap after GC invocations=28 (full 0):
 garbage-first heap   total 129024K, used 82029K [0x0000000080000000, 0x0000000100000000)
  region size 1024K, 1 young (1024K), 1 survivors (1024K)
 Metaspace       used 67249K, committed 67968K, reserved 491520K
  class space    used 9535K, committed 9856K, reserved 425984K
}
Event: 16.492 GC heap before
{Heap before GC invocations=28 (full 0):
 garbage-first heap   total 129024K, used 104557K [0x0000000080000000, 0x0000000100000000)
  region size 1024K, 23 young (23552K), 1 survivors (1024K)
 Metaspace       used 69276K, committed 69952K, reserved 491520K
  class space    used 9741K, committed 10048K, reserved 425984K
}
Event: 16.493 GC heap after
{Heap after GC invocations=29 (full 0):
 garbage-first heap   total 129024K, used 82268K [0x0000000080000000, 0x0000000100000000)
  region size 1024K, 1 young (1024K), 1 survivors (1024K)
 Metaspace       used 69276K, committed 69952K, reserved 491520K
  class space    used 9741K, committed 10048K, reserved 425984K
}
Event: 16.701 GC heap before
{Heap before GC invocations=30 (full 0):
 garbage-first heap   total 150528K, used 105820K [0x0000000080000000, 0x0000000100000000)
  region size 1024K, 24 young (24576K), 1 survivors (1024K)
 Metaspace       used 71923K, committed 72704K, reserved 491520K
  class space    used 10061K, committed 10432K, reserved 425984K
}
Event: 16.703 GC heap after
{Heap after GC invocations=31 (full 0):
 garbage-first heap   total 150528K, used 83420K [0x0000000080000000, 0x0000000100000000)
  region size 1024K, 2 young (2048K), 2 survivors (2048K)
 Metaspace       used 71923K, committed 72704K, reserved 491520K
  class space    used 10061K, committed 10432K, reserved 425984K
}
Event: 16.714 GC heap before
{Heap before GC invocations=31 (full 0):
 garbage-first heap   total 150528K, used 92636K [0x0000000080000000, 0x0000000100000000)
  region size 1024K, 7 young (7168K), 2 survivors (2048K)
 Metaspace       used 71926K, committed 72704K, reserved 491520K
  class space    used 10061K, committed 10432K, reserved 425984K
}
Event: 16.717 GC heap after
{Heap after GC invocations=32 (full 0):
 garbage-first heap   total 150528K, used 88351K [0x0000000080000000, 0x0000000100000000)
  region size 1024K, 1 young (1024K), 1 survivors (1024K)
 Metaspace       used 71926K, committed 72704K, reserved 491520K
  class space    used 10061K, committed 10432K, reserved 425984K
}
Event: 16.746 GC heap before
{Heap before GC invocations=32 (full 0):
 garbage-first heap   total 150528K, used 92447K [0x0000000080000000, 0x0000000100000000)
  region size 1024K, 6 young (6144K), 1 survivors (1024K)
 Metaspace       used 71935K, committed 72704K, reserved 491520K
  class space    used 10062K, committed 10432K, reserved 425984K
}

